#! /c/Source/iverilog-install/bin/vvp
:ivl_version "12.0 (devel)" "(s20150603-1539-g2693dd32b)";
:ivl_delay_selection "TYPICAL";
:vpi_time_precision - 12;
:vpi_module "C:\iverilog\lib\ivl\system.vpi";
:vpi_module "C:\iverilog\lib\ivl\vhdl_sys.vpi";
:vpi_module "C:\iverilog\lib\ivl\vhdl_textio.vpi";
:vpi_module "C:\iverilog\lib\ivl\v2005_math.vpi";
:vpi_module "C:\iverilog\lib\ivl\va_math.vpi";
:vpi_module "C:\iverilog\lib\ivl\v2009.vpi";
S_00000222ed61ae10 .scope package, "$unit" "$unit" 2 1;
 .timescale 0 0;
S_00000222ed65ce10 .scope module, "tb_mutidata" "tb_mutidata" 3 4;
 .timescale -9 -12;
v00000222ed6c99a0_0 .var "clk1", 0 0;
v00000222ed6c9c20_0 .var "clk2", 0 0;
v00000222ed6c9a40_0 .var "din", 7 0;
v00000222ed6c97c0_0 .net "dout", 7 0, v00000222ed65bcc0_0;  1 drivers
v00000222ed6c9ae0_0 .net "in_vld", 0 0, v00000222ed671770_0;  1 drivers
v00000222ed6c9b80_0 .net "r_ack", 0 0, v00000222ed664470_0;  1 drivers
v00000222ed6c9cc0_0 .var "rst_i", 0 0;
v00000222ed6c9ea0_0 .var "rst_o", 0 0;
S_00000222ed6713b0 .scope task, "init" "init" 3 39, 3 39 0, S_00000222ed65ce10;
 .timescale -9 -12;
TD_tb_mutidata.init ;
    %pushi/vec4 0, 0, 1;
    %assign/vec4 v00000222ed6c9cc0_0, 0;
    %pushi/vec4 0, 0, 8;
    %assign/vec4 v00000222ed6c9a40_0, 0;
    %pushi/vec4 0, 0, 1;
    %assign/vec4 v00000222ed6c9ea0_0, 0;
    %end;
S_00000222ed671540 .scope module, "inst_mutidata" "mutidata" 3 27, 4 13 0, S_00000222ed65ce10;
 .timescale 0 0;
    .port_info 0 /INPUT 1 "clk_i";
    .port_info 1 /INPUT 1 "rst_i";
    .port_info 2 /OUTPUT 1 "in_vld";
    .port_info 3 /INPUT 8 "din";
    .port_info 4 /INPUT 1 "clk_o";
    .port_info 5 /INPUT 1 "rst_o";
    .port_info 6 /OUTPUT 1 "r_ack";
    .port_info 7 /OUTPUT 8 "dout";
v00000222ed658c20_0 .net "clk_i", 0 0, v00000222ed6c99a0_0;  1 drivers
v00000222ed659cd0_0 .net "clk_o", 0 0, v00000222ed6c9c20_0;  1 drivers
v00000222ed65a220_0 .net "din", 7 0, v00000222ed6c9a40_0;  1 drivers
v00000222ed65cfa0_0 .var "din_temp", 7 0;
v00000222ed65bcc0_0 .var "dout", 7 0;
v00000222ed65bd60_0 .var "flag", 0 0;
v00000222ed6716d0_0 .var "in_ack_pluse", 0 0;
v00000222ed671770_0 .var "in_vld", 0 0;
v00000222ed6641f0_0 .var "in_vld_q1", 0 0;
v00000222ed664290_0 .var "in_vld_q2", 0 0;
v00000222ed664330_0 .var "out_vld_q1", 0 0;
v00000222ed6643d0_0 .var "out_vld_q2", 0 0;
v00000222ed664470_0 .var "r_ack", 0 0;
v00000222ed664510_0 .var "r_ack_level", 0 0;
v00000222ed6c9860_0 .net "rst_i", 0 0, v00000222ed6c9cc0_0;  1 drivers
v00000222ed6c9900_0 .net "rst_o", 0 0, v00000222ed6c9ea0_0;  1 drivers
E_00000222ed65d7c0 .event posedge, v00000222ed658c20_0;
E_00000222ed65dbc0 .event posedge, v00000222ed659cd0_0;
E_00000222ed65dc80 .event anyedge, v00000222ed65a220_0;
    .scope S_00000222ed671540;
T_1 ;
    %wait E_00000222ed65dc80;
    %load/vec4 v00000222ed6c9860_0;
    %pad/u 32;
    %cmpi/e 0, 0, 32;
    %jmp/0xz  T_1.0, 4;
    %pushi/vec4 0, 0, 1;
    %assign/vec4 v00000222ed671770_0, 0;
    %pushi/vec4 0, 0, 1;
    %assign/vec4 v00000222ed65bd60_0, 0;
    %jmp T_1.1;
T_1.0 ;
    %pushi/vec4 1, 0, 1;
    %assign/vec4 v00000222ed65bd60_0, 0;
T_1.1 ;
    %jmp T_1;
    .thread T_1, $push;
    .scope S_00000222ed671540;
T_2 ;
    %wait E_00000222ed65d7c0;
    %load/vec4 v00000222ed6c9860_0;
    %pad/u 32;
    %cmpi/e 0, 0, 32;
    %jmp/0xz  T_2.0, 4;
    %pushi/vec4 0, 0, 1;
    %store/vec4 v00000222ed671770_0, 0, 1;
    %jmp T_2.1;
T_2.0 ;
    %load/vec4 v00000222ed65bd60_0;
    %pad/u 32;
    %cmpi/e 1, 0, 32;
    %jmp/0xz  T_2.2, 4;
    %pushi/vec4 1, 0, 1;
    %assign/vec4 v00000222ed671770_0, 0;
    %pushi/vec4 0, 0, 1;
    %assign/vec4 v00000222ed65bd60_0, 0;
T_2.2 ;
T_2.1 ;
    %jmp T_2;
    .thread T_2;
    .scope S_00000222ed671540;
T_3 ;
    %wait E_00000222ed65d7c0;
    %load/vec4 v00000222ed6c9860_0;
    %pad/u 32;
    %cmpi/e 0, 0, 32;
    %jmp/0xz  T_3.0, 4;
    %pushi/vec4 0, 0, 8;
    %store/vec4 v00000222ed65cfa0_0, 0, 8;
    %jmp T_3.1;
T_3.0 ;
    %load/vec4 v00000222ed671770_0;
    %pad/u 32;
    %cmpi/e 1, 0, 32;
    %jmp/0xz  T_3.2, 4;
    %load/vec4 v00000222ed65a220_0;
    %assign/vec4 v00000222ed65cfa0_0, 0;
T_3.2 ;
T_3.1 ;
    %jmp T_3;
    .thread T_3;
    .scope S_00000222ed671540;
T_4 ;
    %wait E_00000222ed65dbc0;
    %load/vec4 v00000222ed6c9900_0;
    %pad/u 32;
    %cmpi/e 0, 0, 32;
    %jmp/0xz  T_4.0, 4;
    %pushi/vec4 0, 0, 1;
    %assign/vec4 v00000222ed664330_0, 0;
    %pushi/vec4 0, 0, 1;
    %assign/vec4 v00000222ed6643d0_0, 0;
    %jmp T_4.1;
T_4.0 ;
    %load/vec4 v00000222ed671770_0;
    %assign/vec4 v00000222ed664330_0, 0;
    %load/vec4 v00000222ed664330_0;
    %assign/vec4 v00000222ed6643d0_0, 0;
    %load/vec4 v00000222ed6643d0_0;
    %inv;
    %flag_set/vec4 8;
    %flag_get/vec4 8;
    %jmp/0 T_4.2, 8;
    %load/vec4 v00000222ed664330_0;
    %and;
T_4.2;
    %assign/vec4 v00000222ed664470_0, 0;
T_4.1 ;
    %jmp T_4;
    .thread T_4;
    .scope S_00000222ed671540;
T_5 ;
    %wait E_00000222ed65dbc0;
    %load/vec4 v00000222ed6c9900_0;
    %pad/u 32;
    %cmpi/e 0, 0, 32;
    %jmp/0xz  T_5.0, 4;
    %pushi/vec4 0, 0, 8;
    %assign/vec4 v00000222ed65bcc0_0, 0;
    %jmp T_5.1;
T_5.0 ;
    %load/vec4 v00000222ed664470_0;
    %pad/u 32;
    %cmpi/e 1, 0, 32;
    %jmp/0xz  T_5.2, 4;
    %load/vec4 v00000222ed65cfa0_0;
    %assign/vec4 v00000222ed65bcc0_0, 0;
T_5.2 ;
T_5.1 ;
    %jmp T_5;
    .thread T_5;
    .scope S_00000222ed671540;
T_6 ;
    %wait E_00000222ed65dbc0;
    %load/vec4 v00000222ed6c9900_0;
    %pad/u 32;
    %cmpi/e 0, 0, 32;
    %jmp/0xz  T_6.0, 4;
    %pushi/vec4 0, 0, 1;
    %assign/vec4 v00000222ed664510_0, 0;
    %jmp T_6.1;
T_6.0 ;
    %load/vec4 v00000222ed664470_0;
    %pad/u 32;
    %cmpi/e 1, 0, 32;
    %flag_get/vec4 4;
    %jmp/0 T_6.4, 4;
    %load/vec4 v00000222ed6643d0_0;
    %pad/u 32;
    %pushi/vec4 1, 0, 32;
    %cmp/e;
    %flag_get/vec4 4;
    %and;
T_6.4;
    %flag_set/vec4 8;
    %jmp/0xz  T_6.2, 8;
    %load/vec4 v00000222ed664510_0;
    %inv;
    %assign/vec4 v00000222ed664510_0, 0;
T_6.2 ;
T_6.1 ;
    %jmp T_6;
    .thread T_6;
    .scope S_00000222ed671540;
T_7 ;
    %wait E_00000222ed65d7c0;
    %load/vec4 v00000222ed6c9860_0;
    %pad/u 32;
    %cmpi/e 0, 0, 32;
    %jmp/0xz  T_7.0, 4;
    %pushi/vec4 0, 0, 1;
    %assign/vec4 v00000222ed6641f0_0, 0;
    %jmp T_7.1;
T_7.0 ;
    %load/vec4 v00000222ed6643d0_0;
    %assign/vec4 v00000222ed6641f0_0, 0;
    %load/vec4 v00000222ed6641f0_0;
    %assign/vec4 v00000222ed664290_0, 0;
    %load/vec4 v00000222ed664290_0;
    %inv;
    %flag_set/vec4 8;
    %flag_get/vec4 8;
    %jmp/0 T_7.2, 8;
    %load/vec4 v00000222ed6641f0_0;
    %and;
T_7.2;
    %assign/vec4 v00000222ed6716d0_0, 0;
T_7.1 ;
    %jmp T_7;
    .thread T_7;
    .scope S_00000222ed671540;
T_8 ;
    %wait E_00000222ed65d7c0;
    %load/vec4 v00000222ed6c9860_0;
    %pad/u 32;
    %cmpi/e 0, 0, 32;
    %jmp/0xz  T_8.0, 4;
    %pushi/vec4 0, 0, 1;
    %assign/vec4 v00000222ed671770_0, 0;
    %jmp T_8.1;
T_8.0 ;
    %load/vec4 v00000222ed6716d0_0;
    %pad/u 32;
    %cmpi/e 1, 0, 32;
    %flag_get/vec4 4;
    %jmp/0 T_8.4, 4;
    %load/vec4 v00000222ed65bd60_0;
    %pad/u 32;
    %pushi/vec4 0, 0, 32;
    %cmp/e;
    %flag_get/vec4 4;
    %and;
T_8.4;
    %flag_set/vec4 8;
    %jmp/0xz  T_8.2, 8;
    %pushi/vec4 0, 0, 1;
    %assign/vec4 v00000222ed671770_0, 0;
T_8.2 ;
T_8.1 ;
    %jmp T_8;
    .thread T_8;
    .scope S_00000222ed65ce10;
T_9 ;
    %pushi/vec4 0, 0, 1;
    %store/vec4 v00000222ed6c99a0_0, 0, 1;
T_9.0 ;
    %delay 1000, 0;
    %load/vec4 v00000222ed6c99a0_0;
    %inv;
    %store/vec4 v00000222ed6c99a0_0, 0, 1;
    %jmp T_9.0;
    %end;
    .thread T_9;
    .scope S_00000222ed65ce10;
T_10 ;
    %pushi/vec4 0, 0, 1;
    %store/vec4 v00000222ed6c9c20_0, 0, 1;
T_10.0 ;
    %delay 500, 0;
    %load/vec4 v00000222ed6c9c20_0;
    %inv;
    %store/vec4 v00000222ed6c9c20_0, 0, 1;
    %jmp T_10.0;
    %end;
    .thread T_10;
    .scope S_00000222ed65ce10;
T_11 ;
    %fork TD_tb_mutidata.init, S_00000222ed6713b0;
    %join;
    %pushi/vec4 2, 0, 32;
T_11.0 %dup/vec4;
    %pushi/vec4 0, 0, 32;
    %cmp/s;
    %jmp/1xz T_11.1, 5;
    %jmp/1 T_11.1, 4;
    %pushi/vec4 1, 0, 32;
    %sub;
    %wait E_00000222ed65d7c0;
    %jmp T_11.0;
T_11.1 ;
    %pop/vec4 1;
    %pushi/vec4 1, 0, 1;
    %assign/vec4 v00000222ed6c9ea0_0, 0;
    %pushi/vec4 1, 0, 1;
    %assign/vec4 v00000222ed6c9cc0_0, 0;
    %pushi/vec4 5, 0, 32;
T_11.2 %dup/vec4;
    %pushi/vec4 0, 0, 32;
    %cmp/s;
    %jmp/1xz T_11.3, 5;
    %jmp/1 T_11.3, 4;
    %pushi/vec4 1, 0, 32;
    %sub;
    %wait E_00000222ed65d7c0;
    %jmp T_11.2;
T_11.3 ;
    %pop/vec4 1;
    %pushi/vec4 4, 0, 8;
    %assign/vec4 v00000222ed6c9a40_0, 0;
    %pushi/vec4 5, 0, 32;
T_11.4 %dup/vec4;
    %pushi/vec4 0, 0, 32;
    %cmp/s;
    %jmp/1xz T_11.5, 5;
    %jmp/1 T_11.5, 4;
    %pushi/vec4 1, 0, 32;
    %sub;
    %wait E_00000222ed65d7c0;
    %jmp T_11.4;
T_11.5 ;
    %pop/vec4 1;
    %pushi/vec4 10, 0, 8;
    %assign/vec4 v00000222ed6c9a40_0, 0;
    %pushi/vec4 5, 0, 32;
T_11.6 %dup/vec4;
    %pushi/vec4 0, 0, 32;
    %cmp/s;
    %jmp/1xz T_11.7, 5;
    %jmp/1 T_11.7, 4;
    %pushi/vec4 1, 0, 32;
    %sub;
    %wait E_00000222ed65d7c0;
    %jmp T_11.6;
T_11.7 ;
    %pop/vec4 1;
    %pushi/vec4 5, 0, 8;
    %assign/vec4 v00000222ed6c9a40_0, 0;
    %pushi/vec4 5, 0, 32;
T_11.8 %dup/vec4;
    %pushi/vec4 0, 0, 32;
    %cmp/s;
    %jmp/1xz T_11.9, 5;
    %jmp/1 T_11.9, 4;
    %pushi/vec4 1, 0, 32;
    %sub;
    %wait E_00000222ed65d7c0;
    %jmp T_11.8;
T_11.9 ;
    %pop/vec4 1;
    %pushi/vec4 8, 0, 8;
    %assign/vec4 v00000222ed6c9a40_0, 0;
    %pushi/vec4 100, 0, 32;
T_11.10 %dup/vec4;
    %pushi/vec4 0, 0, 32;
    %cmp/s;
    %jmp/1xz T_11.11, 5;
    %jmp/1 T_11.11, 4;
    %pushi/vec4 1, 0, 32;
    %sub;
    %wait E_00000222ed65d7c0;
    %jmp T_11.10;
T_11.11 ;
    %pop/vec4 1;
    %vpi_call/w 3 61 "$finish" {0 0 0};
    %end;
    .thread T_11;
    .scope S_00000222ed65ce10;
T_12 ;
    %vpi_call/w 3 67 "$dumpfile", "wave.vcd" {0 0 0};
    %vpi_call/w 3 68 "$dumpvars", 32'sb00000000000000000000000000000000, S_00000222ed65ce10 {0 0 0};
    %end;
    .thread T_12;
# The file index is used to find the file name in the following table.
:file_names 5;
    "N/A";
    "<interactive>";
    "-";
    "tb_mutidata.sv";
    "./mutidata_2.v";
