#! /c/Source/iverilog-install/bin/vvp
:ivl_version "12.0 (devel)" "(s20150603-1539-g2693dd32b)";
:ivl_delay_selection "TYPICAL";
:vpi_time_precision - 12;
:vpi_module "C:\iverilog\lib\ivl\system.vpi";
:vpi_module "C:\iverilog\lib\ivl\vhdl_sys.vpi";
:vpi_module "C:\iverilog\lib\ivl\vhdl_textio.vpi";
:vpi_module "C:\iverilog\lib\ivl\v2005_math.vpi";
:vpi_module "C:\iverilog\lib\ivl\va_math.vpi";
:vpi_module "C:\iverilog\lib\ivl\v2009.vpi";
S_000001cf0479cce0 .scope package, "$unit" "$unit" 2 1;
 .timescale 0 0;
S_000001cf0471a580 .scope module, "tb_mutidata" "tb_mutidata" 3 5;
 .timescale -9 -12;
v000001cf047a3ec0_0 .var "clk1", 0 0;
v000001cf047a3880_0 .var "clk2", 0 0;
v000001cf047a4000_0 .var "din", 7 0;
v000001cf047a4140_0 .net "dout", 7 0, v000001cf0471ae80_0;  1 drivers
v000001cf047a4320_0 .net "in_vld", 0 0, v000001cf047a3010_0;  1 drivers
v000001cf047a3ba0_0 .net "out_vld", 0 0, v000001cf047a31f0_0;  1 drivers
v000001cf047a4460_0 .var "rst_i", 0 0;
v000001cf047a40a0_0 .var "rst_o", 0 0;
S_000001cf047b0080 .scope task, "init" "init" 3 41, 3 41 0, S_000001cf0471a580;
 .timescale -9 -12;
TD_tb_mutidata.init ;
    %pushi/vec4 0, 0, 1;
    %assign/vec4 v000001cf047a4460_0, 0;
    %pushi/vec4 0, 0, 8;
    %assign/vec4 v000001cf047a4000_0, 0;
    %pushi/vec4 0, 0, 1;
    %assign/vec4 v000001cf047a40a0_0, 0;
    %end;
S_000001cf047b0210 .scope module, "inst_mutidata" "mutidata" 3 29, 4 12 0, S_000001cf0471a580;
 .timescale 0 0;
    .port_info 0 /INPUT 1 "clk_i";
    .port_info 1 /INPUT 1 "rst_i";
    .port_info 2 /OUTPUT 1 "in_vld";
    .port_info 3 /INPUT 8 "din";
    .port_info 4 /INPUT 1 "clk_o";
    .port_info 5 /INPUT 1 "rst_o";
    .port_info 6 /OUTPUT 1 "out_vld";
    .port_info 7 /OUTPUT 8 "dout";
v000001cf0479c430_0 .net "clk_i", 0 0, v000001cf047a3ec0_0;  1 drivers
v000001cf0471a800_0 .net "clk_o", 0 0, v000001cf047a3880_0;  1 drivers
v000001cf047b03a0_0 .net "din", 7 0, v000001cf047a4000_0;  1 drivers
v000001cf047b0440_0 .var "din_temp", 7 0;
v000001cf0471ae80_0 .var "dout", 7 0;
v000001cf0471af20_0 .var "flag", 0 0;
v000001cf047a3010_0 .var "in_vld", 0 0;
v000001cf047a30b0_0 .var "in_vld_q1", 0 0;
v000001cf047a3150_0 .var "in_vld_q2", 0 0;
v000001cf047a31f0_0 .var "out_vld", 0 0;
v000001cf047a3290_0 .var "out_vld_q1", 0 0;
v000001cf047a3330_0 .var "out_vld_q2", 0 0;
v000001cf047a33d0_0 .net "rst_i", 0 0, v000001cf047a4460_0;  1 drivers
v000001cf047a3470_0 .net "rst_o", 0 0, v000001cf047a40a0_0;  1 drivers
E_000001cf0479ab10 .event posedge, v000001cf0479c430_0;
E_000001cf0479a6d0 .event posedge, v000001cf0471a800_0;
E_000001cf0479a550 .event anyedge, v000001cf047b03a0_0;
    .scope S_000001cf047b0210;
T_1 ;
    %wait E_000001cf0479a550;
    %load/vec4 v000001cf047a33d0_0;
    %pad/u 32;
    %cmpi/e 0, 0, 32;
    %jmp/0xz  T_1.0, 4;
    %pushi/vec4 0, 0, 1;
    %store/vec4 v000001cf047a3010_0, 0, 1;
    %pushi/vec4 0, 0, 1;
    %store/vec4 v000001cf0471af20_0, 0, 1;
    %jmp T_1.1;
T_1.0 ;
    %pushi/vec4 1, 0, 1;
    %store/vec4 v000001cf0471af20_0, 0, 1;
T_1.1 ;
    %jmp T_1;
    .thread T_1, $push;
    .scope S_000001cf047b0210;
T_2 ;
    %wait E_000001cf0479ab10;
    %load/vec4 v000001cf047a33d0_0;
    %pad/u 32;
    %cmpi/e 0, 0, 32;
    %jmp/0xz  T_2.0, 4;
    %pushi/vec4 0, 0, 1;
    %store/vec4 v000001cf047a3010_0, 0, 1;
    %jmp T_2.1;
T_2.0 ;
    %load/vec4 v000001cf0471af20_0;
    %pad/u 32;
    %cmpi/e 1, 0, 32;
    %jmp/0xz  T_2.2, 4;
    %pushi/vec4 1, 0, 1;
    %assign/vec4 v000001cf047a3010_0, 0;
    %pushi/vec4 0, 0, 1;
    %assign/vec4 v000001cf0471af20_0, 0;
T_2.2 ;
T_2.1 ;
    %jmp T_2;
    .thread T_2;
    .scope S_000001cf047b0210;
T_3 ;
    %wait E_000001cf0479ab10;
    %load/vec4 v000001cf047a33d0_0;
    %pad/u 32;
    %cmpi/e 0, 0, 32;
    %jmp/0xz  T_3.0, 4;
    %pushi/vec4 0, 0, 8;
    %store/vec4 v000001cf047b0440_0, 0, 8;
    %jmp T_3.1;
T_3.0 ;
    %load/vec4 v000001cf047a3010_0;
    %pad/u 32;
    %cmpi/e 1, 0, 32;
    %jmp/0xz  T_3.2, 4;
    %load/vec4 v000001cf047b03a0_0;
    %assign/vec4 v000001cf047b0440_0, 0;
T_3.2 ;
T_3.1 ;
    %jmp T_3;
    .thread T_3;
    .scope S_000001cf047b0210;
T_4 ;
    %wait E_000001cf0479a6d0;
    %load/vec4 v000001cf047a3470_0;
    %pad/u 32;
    %cmpi/e 0, 0, 32;
    %jmp/0xz  T_4.0, 4;
    %pushi/vec4 0, 0, 1;
    %assign/vec4 v000001cf047a3290_0, 0;
    %pushi/vec4 0, 0, 1;
    %assign/vec4 v000001cf047a3330_0, 0;
    %jmp T_4.1;
T_4.0 ;
    %load/vec4 v000001cf047a3010_0;
    %assign/vec4 v000001cf047a3290_0, 0;
    %load/vec4 v000001cf047a3290_0;
    %assign/vec4 v000001cf047a3330_0, 0;
    %load/vec4 v000001cf047a3330_0;
    %assign/vec4 v000001cf047a31f0_0, 0;
T_4.1 ;
    %jmp T_4;
    .thread T_4;
    .scope S_000001cf047b0210;
T_5 ;
    %wait E_000001cf0479a6d0;
    %load/vec4 v000001cf047a3470_0;
    %pad/u 32;
    %cmpi/e 0, 0, 32;
    %jmp/0xz  T_5.0, 4;
    %pushi/vec4 0, 0, 8;
    %assign/vec4 v000001cf0471ae80_0, 0;
    %jmp T_5.1;
T_5.0 ;
    %load/vec4 v000001cf047a31f0_0;
    %pad/u 32;
    %cmpi/e 1, 0, 32;
    %jmp/0xz  T_5.2, 4;
    %load/vec4 v000001cf047b0440_0;
    %assign/vec4 v000001cf0471ae80_0, 0;
T_5.2 ;
T_5.1 ;
    %jmp T_5;
    .thread T_5;
    .scope S_000001cf047b0210;
T_6 ;
    %wait E_000001cf0479ab10;
    %load/vec4 v000001cf047a33d0_0;
    %pad/u 32;
    %cmpi/e 0, 0, 32;
    %jmp/0xz  T_6.0, 4;
    %pushi/vec4 0, 0, 1;
    %assign/vec4 v000001cf047a30b0_0, 0;
    %pushi/vec4 0, 0, 1;
    %assign/vec4 v000001cf047a3150_0, 0;
    %jmp T_6.1;
T_6.0 ;
    %load/vec4 v000001cf047a3330_0;
    %assign/vec4 v000001cf047a30b0_0, 0;
    %load/vec4 v000001cf047a30b0_0;
    %assign/vec4 v000001cf047a3150_0, 0;
T_6.1 ;
    %jmp T_6;
    .thread T_6;
    .scope S_000001cf047b0210;
T_7 ;
    %wait E_000001cf0479ab10;
    %load/vec4 v000001cf047a33d0_0;
    %pad/u 32;
    %cmpi/e 0, 0, 32;
    %jmp/0xz  T_7.0, 4;
    %pushi/vec4 0, 0, 1;
    %assign/vec4 v000001cf047a3010_0, 0;
    %jmp T_7.1;
T_7.0 ;
    %load/vec4 v000001cf047a3150_0;
    %pad/u 32;
    %cmpi/e 1, 0, 32;
    %jmp/0xz  T_7.2, 4;
    %pushi/vec4 0, 0, 1;
    %assign/vec4 v000001cf047a3010_0, 0;
T_7.2 ;
T_7.1 ;
    %jmp T_7;
    .thread T_7;
    .scope S_000001cf0471a580;
T_8 ;
    %pushi/vec4 0, 0, 1;
    %store/vec4 v000001cf047a3ec0_0, 0, 1;
T_8.0 ;
    %delay 500, 0;
    %load/vec4 v000001cf047a3ec0_0;
    %inv;
    %store/vec4 v000001cf047a3ec0_0, 0, 1;
    %jmp T_8.0;
    %end;
    .thread T_8;
    .scope S_000001cf0471a580;
T_9 ;
    %pushi/vec4 0, 0, 1;
    %store/vec4 v000001cf047a3880_0, 0, 1;
T_9.0 ;
    %delay 1000, 0;
    %load/vec4 v000001cf047a3880_0;
    %inv;
    %store/vec4 v000001cf047a3880_0, 0, 1;
    %jmp T_9.0;
    %end;
    .thread T_9;
    .scope S_000001cf0471a580;
T_10 ;
    %fork TD_tb_mutidata.init, S_000001cf047b0080;
    %join;
    %pushi/vec4 2, 0, 32;
T_10.0 %dup/vec4;
    %pushi/vec4 0, 0, 32;
    %cmp/s;
    %jmp/1xz T_10.1, 5;
    %jmp/1 T_10.1, 4;
    %pushi/vec4 1, 0, 32;
    %sub;
    %wait E_000001cf0479ab10;
    %jmp T_10.0;
T_10.1 ;
    %pop/vec4 1;
    %pushi/vec4 1, 0, 1;
    %assign/vec4 v000001cf047a4460_0, 0;
    %pushi/vec4 1, 0, 1;
    %assign/vec4 v000001cf047a40a0_0, 0;
    %pushi/vec4 4, 0, 32;
T_10.2 %dup/vec4;
    %pushi/vec4 0, 0, 32;
    %cmp/s;
    %jmp/1xz T_10.3, 5;
    %jmp/1 T_10.3, 4;
    %pushi/vec4 1, 0, 32;
    %sub;
    %wait E_000001cf0479ab10;
    %jmp T_10.2;
T_10.3 ;
    %pop/vec4 1;
    %pushi/vec4 4, 0, 8;
    %assign/vec4 v000001cf047a4000_0, 0;
    %pushi/vec4 5, 0, 32;
T_10.4 %dup/vec4;
    %pushi/vec4 0, 0, 32;
    %cmp/s;
    %jmp/1xz T_10.5, 5;
    %jmp/1 T_10.5, 4;
    %pushi/vec4 1, 0, 32;
    %sub;
    %wait E_000001cf0479ab10;
    %jmp T_10.4;
T_10.5 ;
    %pop/vec4 1;
    %pushi/vec4 5, 0, 8;
    %assign/vec4 v000001cf047a4000_0, 0;
    %pushi/vec4 4, 0, 32;
T_10.6 %dup/vec4;
    %pushi/vec4 0, 0, 32;
    %cmp/s;
    %jmp/1xz T_10.7, 5;
    %jmp/1 T_10.7, 4;
    %pushi/vec4 1, 0, 32;
    %sub;
    %wait E_000001cf0479ab10;
    %jmp T_10.6;
T_10.7 ;
    %pop/vec4 1;
    %pushi/vec4 10, 0, 8;
    %assign/vec4 v000001cf047a4000_0, 0;
    %pushi/vec4 10, 0, 32;
T_10.8 %dup/vec4;
    %pushi/vec4 0, 0, 32;
    %cmp/s;
    %jmp/1xz T_10.9, 5;
    %jmp/1 T_10.9, 4;
    %pushi/vec4 1, 0, 32;
    %sub;
    %wait E_000001cf0479ab10;
    %jmp T_10.8;
T_10.9 ;
    %pop/vec4 1;
    %pushi/vec4 0, 0, 8;
    %assign/vec4 v000001cf047a4000_0, 0;
    %pushi/vec4 20, 0, 32;
T_10.10 %dup/vec4;
    %pushi/vec4 0, 0, 32;
    %cmp/s;
    %jmp/1xz T_10.11, 5;
    %jmp/1 T_10.11, 4;
    %pushi/vec4 1, 0, 32;
    %sub;
    %wait E_000001cf0479a6d0;
    %jmp T_10.10;
T_10.11 ;
    %pop/vec4 1;
    %vpi_call/w 3 68 "$finish" {0 0 0};
    %end;
    .thread T_10;
    .scope S_000001cf0471a580;
T_11 ;
    %vpi_call/w 3 73 "$dumpfile", "wave.vcb" {0 0 0};
    %vpi_call/w 3 74 "$dumpvars", 32'sb00000000000000000000000000000000, S_000001cf0471a580 {0 0 0};
    %end;
    .thread T_11;
# The file index is used to find the file name in the following table.
:file_names 5;
    "N/A";
    "<interactive>";
    "-";
    "tb_mutidata.sv";
    "./mutidata_sync.v";
